{"C:\\Users\\Localuser\\Desktop\\Discordbot\\discord-privacy-util\\src\\store\\authStore.ts": {"path":"C:\\Users\\Localuser\\Desktop\\Discordbot\\discord-privacy-util\\src\\store\\authStore.ts","statementMap":{"0":{"start":{"line":54,"column":13},"end":{"line":129,"column":null}},"1":{"start":{"line":54,"column":56},"end":{"line":129,"column":2}},"2":{"start":{"line":69,"column":4},"end":{"line":77,"column":null}},"3":{"start":{"line":79,"column":4},"end":{"line":87,"column":null}},"4":{"start":{"line":88,"column":27},"end":{"line":88,"column":null}},"5":{"start":{"line":90,"column":4},"end":{"line":90,"column":null}},"6":{"start":{"line":92,"column":4},"end":{"line":102,"column":null}},"7":{"start":{"line":92,"column":20},"end":{"line":102,"column":6}},"8":{"start":{"line":103,"column":19},"end":{"line":103,"column":null}},"9":{"start":{"line":104,"column":22},"end":{"line":104,"column":null}},"10":{"start":{"line":104,"column":38},"end":{"line":104,"column":72}},"11":{"start":{"line":105,"column":24},"end":{"line":105,"column":null}},"12":{"start":{"line":105,"column":40},"end":{"line":105,"column":77}},"13":{"start":{"line":106,"column":20},"end":{"line":106,"column":null}},"14":{"start":{"line":107,"column":25},"end":{"line":107,"column":null}},"15":{"start":{"line":109,"column":4},"end":{"line":109,"column":null}},"16":{"start":{"line":110,"column":21},"end":{"line":110,"column":null}},"17":{"start":{"line":111,"column":25},"end":{"line":111,"column":null}},"18":{"start":{"line":112,"column":33},"end":{"line":112,"column":null}},"19":{"start":{"line":114,"column":4},"end":{"line":128,"column":null}}},"fnMap":{"0":{"name":"(anonymous_0)","decl":{"start":{"line":54,"column":46},"end":{"line":54,"column":47}},"loc":{"start":{"line":54,"column":56},"end":{"line":129,"column":2}},"line":54},"1":{"name":"(anonymous_1)","decl":{"start":{"line":68,"column":20},"end":{"line":68,"column":21}},"loc":{"start":{"line":69,"column":4},"end":{"line":77,"column":null}},"line":69},"2":{"name":"(anonymous_2)","decl":{"start":{"line":78,"column":22},"end":{"line":78,"column":null}},"loc":{"start":{"line":79,"column":4},"end":{"line":87,"column":null}},"line":79},"3":{"name":"(anonymous_3)","decl":{"start":{"line":88,"column":14},"end":{"line":88,"column":15}},"loc":{"start":{"line":88,"column":27},"end":{"line":88,"column":null}},"line":88},"4":{"name":"(anonymous_4)","decl":{"start":{"line":89,"column":12},"end":{"line":89,"column":13}},"loc":{"start":{"line":90,"column":4},"end":{"line":90,"column":null}},"line":90},"5":{"name":"(anonymous_5)","decl":{"start":{"line":91,"column":10},"end":{"line":91,"column":11}},"loc":{"start":{"line":92,"column":4},"end":{"line":102,"column":null}},"line":92},"6":{"name":"(anonymous_6)","decl":{"start":{"line":92,"column":8},"end":{"line":92,"column":9}},"loc":{"start":{"line":92,"column":20},"end":{"line":102,"column":6}},"line":92},"7":{"name":"(anonymous_7)","decl":{"start":{"line":103,"column":13},"end":{"line":103,"column":19}},"loc":{"start":{"line":103,"column":19},"end":{"line":103,"column":null}},"line":103},"8":{"name":"(anonymous_8)","decl":{"start":{"line":104,"column":16},"end":{"line":104,"column":22}},"loc":{"start":{"line":104,"column":22},"end":{"line":104,"column":null}},"line":104},"9":{"name":"(anonymous_9)","decl":{"start":{"line":104,"column":26},"end":{"line":104,"column":27}},"loc":{"start":{"line":104,"column":38},"end":{"line":104,"column":72}},"line":104},"10":{"name":"(anonymous_10)","decl":{"start":{"line":105,"column":18},"end":{"line":105,"column":24}},"loc":{"start":{"line":105,"column":24},"end":{"line":105,"column":null}},"line":105},"11":{"name":"(anonymous_11)","decl":{"start":{"line":105,"column":28},"end":{"line":105,"column":29}},"loc":{"start":{"line":105,"column":40},"end":{"line":105,"column":77}},"line":105},"12":{"name":"(anonymous_12)","decl":{"start":{"line":106,"column":14},"end":{"line":106,"column":20}},"loc":{"start":{"line":106,"column":20},"end":{"line":106,"column":null}},"line":106},"13":{"name":"(anonymous_13)","decl":{"start":{"line":107,"column":13},"end":{"line":107,"column":14}},"loc":{"start":{"line":107,"column":25},"end":{"line":107,"column":null}},"line":107},"14":{"name":"(anonymous_14)","decl":{"start":{"line":108,"column":23},"end":{"line":108,"column":24}},"loc":{"start":{"line":109,"column":4},"end":{"line":109,"column":null}},"line":109},"15":{"name":"(anonymous_15)","decl":{"start":{"line":110,"column":11},"end":{"line":110,"column":12}},"loc":{"start":{"line":110,"column":21},"end":{"line":110,"column":null}},"line":110},"16":{"name":"(anonymous_16)","decl":{"start":{"line":111,"column":13},"end":{"line":111,"column":14}},"loc":{"start":{"line":111,"column":25},"end":{"line":111,"column":null}},"line":111},"17":{"name":"(anonymous_17)","decl":{"start":{"line":112,"column":24},"end":{"line":112,"column":25}},"loc":{"start":{"line":112,"column":33},"end":{"line":112,"column":null}},"line":112},"18":{"name":"(anonymous_18)","decl":{"start":{"line":113,"column":9},"end":{"line":113,"column":null}},"loc":{"start":{"line":114,"column":4},"end":{"line":128,"column":null}},"line":114}},"branchMap":{"0":{"loc":{"start":{"line":89,"column":20},"end":{"line":89,"column":null}},"type":"default-arg","locations":[{"start":{"line":89,"column":31},"end":{"line":89,"column":null}}],"line":89},"1":{"loc":{"start":{"line":91,"column":27},"end":{"line":91,"column":null}},"type":"default-arg","locations":[{"start":{"line":91,"column":38},"end":{"line":91,"column":null}}],"line":91}},"s":{"0":1,"1":1,"2":1,"3":2,"4":0,"5":0,"6":0,"7":0,"8":0,"9":0,"10":0,"11":0,"12":0,"13":0,"14":0,"15":0,"16":0,"17":0,"18":0,"19":0},"f":{"0":1,"1":1,"2":2,"3":0,"4":0,"5":0,"6":0,"7":0,"8":0,"9":0,"10":0,"11":0,"12":0,"13":0,"14":0,"15":0,"16":0,"17":0,"18":0},"b":{"0":[0],"1":[0]},"meta":{"lastBranch":2,"lastFunction":19,"lastStatement":20,"seen":{"s:54:13:129:Infinity":0,"f:54:46:54:47":0,"s:54:56:129:2":1,"f:68:20:68:21":1,"s:69:4:77:Infinity":2,"f:78:22:78:Infinity":2,"s:79:4:87:Infinity":3,"f:88:14:88:15":3,"s:88:27:88:Infinity":4,"f:89:12:89:13":4,"s:90:4:90:Infinity":5,"b:89:31:89:Infinity":0,"f:91:10:91:11":5,"s:92:4:102:Infinity":6,"b:91:38:91:Infinity":1,"f:92:8:92:9":6,"s:92:20:102:6":7,"f:103:13:103:19":7,"s:103:19:103:Infinity":8,"f:104:16:104:22":8,"s:104:22:104:Infinity":9,"f:104:26:104:27":9,"s:104:38:104:72":10,"f:105:18:105:24":10,"s:105:24:105:Infinity":11,"f:105:28:105:29":11,"s:105:40:105:77":12,"f:106:14:106:20":12,"s:106:20:106:Infinity":13,"f:107:13:107:14":13,"s:107:25:107:Infinity":14,"f:108:23:108:24":14,"s:109:4:109:Infinity":15,"f:110:11:110:12":15,"s:110:21:110:Infinity":16,"f:111:13:111:14":16,"s:111:25:111:Infinity":17,"f:112:24:112:25":17,"s:112:33:112:Infinity":18,"f:113:9:113:Infinity":18,"s:114:4:128:Infinity":19}}}
}
